2016-08-22 15:24:57,716 - teradata.udaexec - INFO - Initializing UdaExec...
2016-08-22 15:24:57,716 - teradata.udaexec - INFO - Reading config files: ['C:\\etc\\udaexec.ini: Not Found', 'C:\\Users\\BS255029\\udaexec.ini: Not Found', 'C:\\Users\\BS255029\\Documents\\Shift\\Shift\\mysite\\udaexec.ini: Found']
2016-08-22 15:24:57,716 - teradata.udaexec - INFO - Found run number file: "C:\Users\BS255029\Documents\Shift\Shift\mysite\.runNumber"
2016-08-22 15:24:57,716 - teradata.udaexec - INFO - Cleaning up log files older than 90 days.
2016-08-22 15:24:57,716 - teradata.udaexec - INFO - Removed 0 log files.
2016-08-22 15:24:57,725 - teradata.udaexec - INFO - Checkpoint file not found: C:\Users\BS255029\Documents\Shift\Shift\mysite\shiftroster.checkpoint
2016-08-22 15:24:57,725 - teradata.udaexec - INFO - No previous checkpoint found, executing from beginning...
2016-08-22 15:24:57,725 - teradata.udaexec - INFO - Execution Details:
/********************************************************************************
 * Application Name: shiftroster
 *          Version: 2
 *       Run Number: 20160822152457-25
 *             Host: WINBS255029-O9Y
 *         Platform: Windows-7-6.1.7601-SP1
 *          OS User: bs255029
 *   Python Version: 3.4.4
 *  Python Compiler: MSC v.1600 64 bit (AMD64)
 *     Python Build: ('v3.4.4:737efcadf5a6', 'Dec 20 2015 20:20:57')
 *  UdaExec Version: 15.10.0.17
 *     Program Name: manage.py
 *      Working Dir: C:\Users\BS255029\Documents\Shift\Shift\mysite
 *          Log Dir: C:\Users\BS255029\Documents\Shift\Shift\mysite\logs
 *         Log File: C:\Users\BS255029\Documents\Shift\Shift\mysite\logs\shiftroster.20160822152457-25.log
 *     Config Files: ['C:\\etc\\udaexec.ini: Not Found', 'C:\\Users\\BS255029\\udaexec.ini: Not Found', 'C:\\Users\\BS255029\\Documents\\Shift\\Shift\\mysite\\udaexec.ini: Found']
 *      Query Bands: ApplicationName=shiftroster;Version=2;JobID=20160822152457-25;ClientUser=bs255029;Production=False;udaAppLogFile=C:\Users\BS255029\Documents\Shift\Shift\mysite\logs\shiftroster.20160822152457-25.log;UtilityName=PyTd;UtilityVersion=15.10.0.17
********************************************************************************/
2016-08-22 15:24:57,726 - teradata.udaexec - INFO - Creating connection: {'method': 'odbc', 'password': 'XXXXXX', 'system': 'tiescfm01', 'externalDSN': 'TIES', 'username': 'select_user', 'charset': 'UTF8'}
2016-08-22 15:24:57,816 - teradata.udaexec - INFO - Connection successful. Duration: 0.090 seconds. Details: {'method': 'odbc', 'password': 'XXXXXX', 'system': 'tiescfm01', 'externalDSN': 'TIES', 'username': 'select_user', 'charset': 'UTF8'}
2016-08-22 15:24:57,823 - teradata.udaexec - INFO - Query Successful. Duration: 0.007 seconds, Rows: 2, Query: select * from trm.employee_detail where e_empid=10316 or e_empid=10317
2016-08-22 15:25:05,102 - django.request - WARNING - Not Found: /shiftroster/wfhform.html
2016-08-22 15:25:10,263 - django.request - WARNING - Not Found: /shiftroster/tcrform.html
2016-08-22 15:27:29,727 - teradata.udaexec - INFO - Initializing UdaExec...
2016-08-22 15:27:29,728 - teradata.udaexec - INFO - Reading config files: ['C:\\etc\\udaexec.ini: Not Found', 'C:\\Users\\BS255029\\udaexec.ini: Not Found', 'C:\\Users\\BS255029\\Documents\\Shift\\Shift\\mysite\\udaexec.ini: Found']
2016-08-22 15:27:29,728 - teradata.udaexec - INFO - Found run number file: "C:\Users\BS255029\Documents\Shift\Shift\mysite\.runNumber"
2016-08-22 15:27:29,728 - teradata.udaexec - INFO - Cleaning up log files older than 90 days.
2016-08-22 15:27:29,728 - teradata.udaexec - INFO - Removed 0 log files.
2016-08-22 15:27:29,740 - teradata.udaexec - INFO - Checkpoint file not found: C:\Users\BS255029\Documents\Shift\Shift\mysite\shiftroster.checkpoint
2016-08-22 15:27:29,740 - teradata.udaexec - INFO - No previous checkpoint found, executing from beginning...
2016-08-22 15:27:29,741 - teradata.udaexec - INFO - Execution Details:
/********************************************************************************
 * Application Name: shiftroster
 *          Version: 2
 *       Run Number: 20160822152729-26
 *             Host: WINBS255029-O9Y
 *         Platform: Windows-7-6.1.7601-SP1
 *          OS User: bs255029
 *   Python Version: 3.4.4
 *  Python Compiler: MSC v.1600 64 bit (AMD64)
 *     Python Build: ('v3.4.4:737efcadf5a6', 'Dec 20 2015 20:20:57')
 *  UdaExec Version: 15.10.0.17
 *     Program Name: manage.py
 *      Working Dir: C:\Users\BS255029\Documents\Shift\Shift\mysite
 *          Log Dir: C:\Users\BS255029\Documents\Shift\Shift\mysite\logs
 *         Log File: C:\Users\BS255029\Documents\Shift\Shift\mysite\logs\shiftroster.20160822152729-26.log
 *     Config Files: ['C:\\etc\\udaexec.ini: Not Found', 'C:\\Users\\BS255029\\udaexec.ini: Not Found', 'C:\\Users\\BS255029\\Documents\\Shift\\Shift\\mysite\\udaexec.ini: Found']
 *      Query Bands: ApplicationName=shiftroster;Version=2;JobID=20160822152729-26;ClientUser=bs255029;Production=False;udaAppLogFile=C:\Users\BS255029\Documents\Shift\Shift\mysite\logs\shiftroster.20160822152729-26.log;UtilityName=PyTd;UtilityVersion=15.10.0.17
********************************************************************************/
2016-08-22 15:27:29,742 - teradata.udaexec - INFO - Creating connection: {'method': 'odbc', 'password': 'XXXXXX', 'system': 'tiescfm01', 'externalDSN': 'TIES', 'username': 'select_user', 'charset': 'UTF8'}
2016-08-22 15:27:29,883 - teradata.udaexec - INFO - Connection successful. Duration: 0.141 seconds. Details: {'method': 'odbc', 'password': 'XXXXXX', 'system': 'tiescfm01', 'externalDSN': 'TIES', 'username': 'select_user', 'charset': 'UTF8'}
2016-08-22 15:27:29,889 - teradata.udaexec - INFO - Query Successful. Duration: 0.006 seconds, Rows: 2, Query: select * from trm.employee_detail where e_empid=10316 or e_empid=10317
2016-08-22 15:27:33,748 - django.request - WARNING - Not Found: /shiftroster/wfhform.html
2016-08-22 15:29:02,967 - teradata.udaexec - INFO - UdaExec exiting.
2016-08-22 15:29:02,968 - teradata.udaexec - INFO - UdaExec exiting.
2016-08-22 15:29:02,969 - teradata.udaexec - INFO - UdaExec exiting.
